<?xml version="1.0" encoding="UTF-8"?>
<testsuite name="wonder.CartEntranceTestV1" tests="1" skipped="0" failures="0" errors="0" timestamp="2022-12-12T09:49:09" hostname="MixuandeMacBook-Pro.local" time="0.448">
  <properties/>
  <testcase name="testCart" classname="wonder.CartEntranceTestV1" time="0.448"/>
  <system-out><![CDATA[2022-12-12T09:49:09.918468Z [MixuandeMacBook-Pro.local] [Test worker] INFO c.f.i.log.LogManager - not found -Dcore.appName, this should only happen in local dev env or test, use "local" as appName
2022-12-12T09:49:09.920675Z [MixuandeMacBook-Pro.local] [Test worker] INFO w.r.BeforeGroupRunner - Run Before Group Starts
2022-12-12T09:49:09.952495Z [MixuandeMacBook-Pro.local] [Test worker] INFO w.r.TestCaseRunner - Run Test Starts
started: checkoutPageTest (wonder.cart.CheckCheckoutPageWebServiceImpl)
2022-12-12T09:49:09.958730Z [MixuandeMacBook-Pro.local] [Test worker] INFO w.c.CheckCheckoutPageWebServiceImpl - test checkout page
succeeded
finished
2022-12-12T09:49:10.040322Z [MixuandeMacBook-Pro.local] [Test worker] INFO w.r.BeforeGroupRunner - Run Before Group Starts
2022-12-12T09:49:10.046248Z [MixuandeMacBook-Pro.local] [Test worker] INFO w.c.CheckMergeShoppingCartWebServiceImpl - run before group...
2022-12-12T09:49:10.048847Z [MixuandeMacBook-Pro.local] [Test worker] INFO w.r.TestCaseRunner - Run Test Starts
started: checkMergeShoppingCartInCheckoutPag (wonder.cart.CheckMergeShoppingCartWebServiceImpl)
2022-12-12T09:49:10.050964Z [MixuandeMacBook-Pro.local] [Test worker] INFO w.c.CheckMergeShoppingCartWebServiceImpl - run after test...
failed
finished
2022-12-12T09:49:10.061257Z [MixuandeMacBook-Pro.local] [Test worker] INFO w.r.AfterGroupRunner - Run After Group Starts
2022-12-12T09:49:10.061719Z [MixuandeMacBook-Pro.local] [Test worker] INFO w.c.CheckMergeShoppingCartWebServiceImpl - run after group...
]]></system-out>
  <system-err><![CDATA[2022-12-12T09:49:10.054094Z [MixuandeMacBook-Pro.local] [Test worker] ERROR w.r.TestCaseRunner - Run Test Case Failed: java.lang.AssertionError: expected:<3> but was:<7>
	at org.junit.Assert.fail(Assert.java:89)
	at org.junit.Assert.failNotEquals(Assert.java:835)
	at org.junit.Assert.assertEquals(Assert.java:647)
	at org.junit.Assert.assertEquals(Assert.java:633)
	at wonder.cart.CheckMergeShoppingCartWebServiceImpl.beforeTestStep(CheckMergeShoppingCartWebServiceImpl.java:44)
	at wonder.cart.CheckMergeShoppingCartWebServiceImpl.beforeTest(CheckMergeShoppingCartWebServiceImpl.java:38)
	at java.base/jdk.internal.reflect.NativeMethodAccessorImpl.invoke0(Native Method)
	at java.base/jdk.internal.reflect.NativeMethodAccessorImpl.invoke(NativeMethodAccessorImpl.java:62)
	at java.base/jdk.internal.reflect.DelegatingMethodAccessorImpl.invoke(DelegatingMethodAccessorImpl.java:43)
	at java.base/java.lang.reflect.Method.invoke(Method.java:566)
	at wonder.utils.MethodUtils.invokeExplosively(MethodUtils.java:12)
	at wonder.runner.RunBefores.evaluate(RunBefores.java:25)
	at wonder.runner.RunAfters.evaluate(RunAfters.java:28)
	at org.junit.rules.TestWatcher$1.evaluate(TestWatcher.java:61)
	at wonder.runner.TestCaseRunner.run(TestCaseRunner.java:59)
	at org.junit.runner.JUnitCore.run(JUnitCore.java:137)
	at wonder.runner.TestExecutor.runCases(TestExecutor.java:61)
	at wonder.CartEntranceTestV1.testCart(CartEntranceTestV1.java:23)
	at java.base/jdk.internal.reflect.NativeMethodAccessorImpl.invoke0(Native Method)
	at java.base/jdk.internal.reflect.NativeMethodAccessorImpl.invoke(NativeMethodAccessorImpl.java:62)
	at java.base/jdk.internal.reflect.DelegatingMethodAccessorImpl.invoke(DelegatingMethodAccessorImpl.java:43)
	at java.base/java.lang.reflect.Method.invoke(Method.java:566)
	at org.junit.runners.model.FrameworkMethod$1.runReflectiveCall(FrameworkMethod.java:59)
	at org.junit.internal.runners.model.ReflectiveCallable.run(ReflectiveCallable.java:12)
	at org.junit.runners.model.FrameworkMethod.invokeExplosively(FrameworkMethod.java:56)
	at org.junit.internal.runners.statements.InvokeMethod.evaluate(InvokeMethod.java:17)
	at org.junit.runners.ParentRunner$3.evaluate(ParentRunner.java:306)
	at org.junit.runners.BlockJUnit4ClassRunner$1.evaluate(BlockJUnit4ClassRunner.java:100)
	at org.junit.runners.ParentRunner.runLeaf(ParentRunner.java:366)
	at org.junit.runners.BlockJUnit4ClassRunner.runChild(BlockJUnit4ClassRunner.java:103)
	at org.junit.runners.BlockJUnit4ClassRunner.runChild(BlockJUnit4ClassRunner.java:63)
	at org.junit.runners.ParentRunner$4.run(ParentRunner.java:331)
	at org.junit.runners.ParentRunner$1.schedule(ParentRunner.java:79)
	at org.junit.runners.ParentRunner.runChildren(ParentRunner.java:329)
	at org.junit.runners.ParentRunner.access$100(ParentRunner.java:66)
	at org.junit.runners.ParentRunner$2.evaluate(ParentRunner.java:293)
	at org.junit.runners.ParentRunner$3.evaluate(ParentRunner.java:306)
	at org.junit.runners.ParentRunner.run(ParentRunner.java:413)
	at org.gradle.api.internal.tasks.testing.junit.JUnitTestClassExecutor.runTestClass(JUnitTestClassExecutor.java:110)
	at org.gradle.api.internal.tasks.testing.junit.JUnitTestClassExecutor.execute(JUnitTestClassExecutor.java:58)
	at org.gradle.api.internal.tasks.testing.junit.JUnitTestClassExecutor.execute(JUnitTestClassExecutor.java:38)
	at org.gradle.api.internal.tasks.testing.junit.AbstractJUnitTestClassProcessor.processTestClass(AbstractJUnitTestClassProcessor.java:62)
	at org.gradle.api.internal.tasks.testing.SuiteTestClassProcessor.processTestClass(SuiteTestClassProcessor.java:51)
	at java.base/jdk.internal.reflect.NativeMethodAccessorImpl.invoke0(Native Method)
	at java.base/jdk.internal.reflect.NativeMethodAccessorImpl.invoke(NativeMethodAccessorImpl.java:62)
	at java.base/jdk.internal.reflect.DelegatingMethodAccessorImpl.invoke(DelegatingMethodAccessorImpl.java:43)
	at java.base/java.lang.reflect.Method.invoke(Method.java:566)
	at org.gradle.internal.dispatch.ReflectionDispatch.dispatch(ReflectionDispatch.java:36)
	at org.gradle.internal.dispatch.ReflectionDispatch.dispatch(ReflectionDispatch.java:24)
	at org.gradle.internal.dispatch.ContextClassLoaderDispatch.dispatch(ContextClassLoaderDispatch.java:33)
	at org.gradle.internal.dispatch.ProxyDispatchAdapter$DispatchingInvocationHandler.invoke(ProxyDispatchAdapter.java:94)
	at com.sun.proxy.$Proxy5.processTestClass(Unknown Source)
	at org.gradle.api.internal.tasks.testing.worker.TestWorker$2.run(TestWorker.java:176)
	at org.gradle.api.internal.tasks.testing.worker.TestWorker.executeAndMaintainThreadName(TestWorker.java:129)
	at org.gradle.api.internal.tasks.testing.worker.TestWorker.execute(TestWorker.java:100)
	at org.gradle.api.internal.tasks.testing.worker.TestWorker.execute(TestWorker.java:60)
	at org.gradle.process.internal.worker.child.ActionExecutionWorker.execute(ActionExecutionWorker.java:56)
	at org.gradle.process.internal.worker.child.SystemApplicationClassLoaderWorker.call(SystemApplicationClassLoaderWorker.java:133)
	at org.gradle.process.internal.worker.child.SystemApplicationClassLoaderWorker.call(SystemApplicationClassLoaderWorker.java:71)
	at worker.org.gradle.process.internal.worker.GradleWorkerMain.run(GradleWorkerMain.java:69)
	at worker.org.gradle.process.internal.worker.GradleWorkerMain.main(GradleWorkerMain.java:74)

]]></system-err>
</testsuite>
